{
  "timestamp": "2023-09-07 11:32:26.400974",
  "device_info": {
    "serial_number": "AB8AQVIwUAIgNTBZ",
    "model": "0",
    "git_hash": "16226cb838ee90b6b4e9676491b0e29a1c19d1ec",
    "git_dirty": true,
    "git_timestamp": 1694086130,
    "uuid": "00000000-0000-0000-0000-000000000000"
  },
  "calibration": {
    "invert": false,
    "phase_invert": true,
    "poles": 42,
    "offset": [
      -2.4777502368222493,
      -2.477685914666582,
      -2.495189010413837,
      -2.485062756252846,
      -2.483068406000437,
      -2.5149434682746112,
      -2.51230950648292,
      -2.5075633651277625,
      -2.5381214123812055,
      -2.534074317410669,
      -2.522039819284378,
      -2.542686682843927,
      -2.5361783358694154,
      -2.507617911253682,
      -2.5193299426607947,
      -2.497797735270001,
      -2.4633077184812193,
      -2.4718731529193505,
      -2.4496272245284185,
      -2.4228692732045536,
      -2.438983178596523,
      -2.437505433225638,
      -2.4177526551813133,
      -2.4433639389480333,
      -2.450467376583579,
      -2.43476827749687,
      -2.46759670989132,
      -2.4745061178883327,
      -2.4599682417072337,
      -2.4824959507848257,
      -2.486461815095504,
      -2.465879922988797,
      -2.4771206602530498,
      -2.482613852348022,
      -2.4533004680240356,
      -2.4667232897909743,
      -2.4744492788099652,
      -2.454276581192421,
      -2.4656360684176075,
      -2.4798374128103813,
      -2.4594470825062498,
      -2.4611150570844718,
      -2.4763172165494733,
      -2.45054939215953,
      -2.4521162068758295,
      -2.4654680046544653,
      -2.4335403385534873,
      -2.425861158656957,
      -2.4297392759006144,
      -2.3930260919597957,
      -2.381451136797137,
      -2.393521144402746,
      -2.370441249460557,
      -2.3750652130754655,
      -2.3987846413500034,
      -2.384227686778821,
      -2.396176437193839,
      -2.4251842150087444,
      -2.420904007696077,
      -2.4351874255850765,
      -2.4694919883709336,
      -2.4609853658358767,
      -2.465941883879078,
      -2.4922862971620394
    ]
  },
  "winding_resistance": 0.07262600403028523,
  "inductance": 4.079667072656112e-05,
  "pid_dq_kp": 0.025633304209097235,
  "pid_dq_ki": 45.63226414422536,
  "torque_bw_hz": 100.0,
  "encoder_filter_bw_hz": 200.0,
  "encoder_filter_kp": 2513.2741228718346,
  "encoder_filter_ki": 1579136.7041742974,
  "v_per_hz": 0.2762367263485805,
  "kv": 108.60250335483373,
  "unwrapped_position_scale": 1.0
}
